[93mWARNING [0m:   DEPRECATED FEATURE: flwr.client.start_numpy_client() is deprecated. 
	Instead, use `flwr.client.start_client()` by ensuring you first call the `.to_client()` method as shown below: 
	flwr.client.start_client(
		server_address='<IP>:<PORT>',
		client=FlowerClient().to_client(), # <-- where FlowerClient is of type flwr.client.NumPyClient object
	)
	Using `start_numpy_client()` is deprecated.

            This is a deprecated feature. It will be removed
            entirely in future versions of Flower.
        
[93mWARNING [0m:   DEPRECATED FEATURE: flwr.client.start_client() is deprecated.
	Instead, use the `flower-supernode` CLI command to start a SuperNode as shown below:

		$ flower-supernode --insecure --superlink='<IP>:<PORT>'

	To view all available options, run:

		$ flower-supernode --help

	Using `start_client()` is deprecated.

            This is a deprecated feature. It will be removed
            entirely in future versions of Flower.
        
[92mINFO [0m:      
[92mINFO [0m:      Received: get_parameters message ffa59abe-1470-4bfe-abe8-49ac1506e542
[92mINFO [0m:      Sent reply
WARNING: All log messages before absl::InitializeLog() is called are written to STDERR
I0000 00:00:1774464129.072324 9695270 fork_posix.cc:71] Other threads are currently calling into gRPC, skipping fork() handlers
I0000 00:00:1774464129.082953 9695270 fork_posix.cc:71] Other threads are currently calling into gRPC, skipping fork() handlers
[92mINFO [0m:      
[92mINFO [0m:      Received: train message 5a702dfc-97b2-41a2-adc5-c3299acde401
[92mINFO [0m:      Sent reply
[92mINFO [0m:      
[92mINFO [0m:      Received: evaluate message f6adc244-dea6-4e3f-92f8-d0191e70b3bb
[92mINFO [0m:      Sent reply
[92mINFO [0m:      
[92mINFO [0m:      Received: train message 45959eef-20c4-4743-a517-6eec5538f074
[92mINFO [0m:      Sent reply
[92mINFO [0m:      
[92mINFO [0m:      Received: evaluate message fe906ed7-53dd-471b-813c-fa5436d36e18
[92mINFO [0m:      Sent reply
[92mINFO [0m:      
[92mINFO [0m:      Received: train message 0f207ef5-c447-48ed-921c-0cdb73ab1ddc
[92mINFO [0m:      Sent reply
[92mINFO [0m:      
[92mINFO [0m:      Received: evaluate message 724d2f15-f531-49a4-aa93-d432d7ab0588
[92mINFO [0m:      Sent reply
[92mINFO [0m:      
[92mINFO [0m:      Received: reconnect message 23b2d1b5-3158-4521-8d06-f20af2b3c943
[92mINFO [0m:      Disconnect and shut down
Loading data for Client...
Generating dummy dataset for DDoS detection...
Using device: cpu
Client training started...
Client evaluation started...
Client training started...
Client evaluation started...
Client training started...
Client evaluation started...
